\BOOKMARK [0][-]{chapter.1}{\376\377\0001\000\040\000M\000a\000i\000n\000\040\000P\000a\000g\000e}{}% 1
\BOOKMARK [0][-]{chapter.2}{\376\377\0002\000\040\000N\000a\000m\000e\000s\000p\000a\000c\000e\000\040\000I\000n\000d\000e\000x}{}% 2
\BOOKMARK [1][-]{section.2.1}{\376\377\0002\000.\0001\000\040\000N\000a\000m\000e\000s\000p\000a\000c\000e\000\040\000L\000i\000s\000t}{chapter.2}% 3
\BOOKMARK [0][-]{chapter.3}{\376\377\0003\000\040\000H\000i\000e\000r\000a\000r\000c\000h\000i\000c\000a\000l\000\040\000I\000n\000d\000e\000x}{}% 4
\BOOKMARK [1][-]{section.3.1}{\376\377\0003\000.\0001\000\040\000C\000l\000a\000s\000s\000\040\000H\000i\000e\000r\000a\000r\000c\000h\000y}{chapter.3}% 5
\BOOKMARK [0][-]{chapter.4}{\376\377\0004\000\040\000C\000l\000a\000s\000s\000\040\000I\000n\000d\000e\000x}{}% 6
\BOOKMARK [1][-]{section.4.1}{\376\377\0004\000.\0001\000\040\000C\000l\000a\000s\000s\000\040\000L\000i\000s\000t}{chapter.4}% 7
\BOOKMARK [0][-]{chapter.5}{\376\377\0005\000\040\000F\000i\000l\000e\000\040\000I\000n\000d\000e\000x}{}% 8
\BOOKMARK [1][-]{section.5.1}{\376\377\0005\000.\0001\000\040\000F\000i\000l\000e\000\040\000L\000i\000s\000t}{chapter.5}% 9
\BOOKMARK [0][-]{chapter.6}{\376\377\0006\000\040\000N\000a\000m\000e\000s\000p\000a\000c\000e\000\040\000D\000o\000c\000u\000m\000e\000n\000t\000a\000t\000i\000o\000n}{}% 10
\BOOKMARK [1][-]{section.6.1}{\376\377\0006\000.\0001\000\040\000i\000o\000\040\000N\000a\000m\000e\000s\000p\000a\000c\000e\000\040\000R\000e\000f\000e\000r\000e\000n\000c\000e}{chapter.6}% 11
\BOOKMARK [2][-]{subsection.6.1.1}{\376\377\0006\000.\0001\000.\0001\000\040\000D\000e\000t\000a\000i\000l\000e\000d\000\040\000D\000e\000s\000c\000r\000i\000p\000t\000i\000o\000n}{section.6.1}% 12
\BOOKMARK [2][-]{subsection.6.1.2}{\376\377\0006\000.\0001\000.\0002\000\040\000F\000u\000n\000c\000t\000i\000o\000n\000\040\000D\000o\000c\000u\000m\000e\000n\000t\000a\000t\000i\000o\000n}{section.6.1}% 13
\BOOKMARK [3][-]{subsubsection.6.1.2.1}{\376\377\0006\000.\0001\000.\0002\000.\0001\000\040\000a\000f\000f\000\137\000c\000o\000m\000b\000a\000t\000\050\000\051}{subsection.6.1.2}% 14
\BOOKMARK [3][-]{subsubsection.6.1.2.2}{\376\377\0006\000.\0001\000.\0002\000.\0002\000\040\000a\000f\000f\000i\000c\000h\000e\000r\000\050\000\051}{subsection.6.1.2}% 15
\BOOKMARK [3][-]{subsubsection.6.1.2.3}{\376\377\0006\000.\0001\000.\0002\000.\0003\000\040\000a\000f\000f\000i\000c\000h\000e\000r\000C\000a\000r\000t\000e\000\050\000\051}{subsection.6.1.2}% 16
\BOOKMARK [3][-]{subsubsection.6.1.2.4}{\376\377\0006\000.\0001\000.\0002\000.\0004\000\040\000a\000f\000f\000i\000c\000h\000e\000r\000M\000o\000u\000v\000e\000m\000e\000n\000t\000s\000\050\000\051\000\040\000[\0001\000/\0004\000]}{subsection.6.1.2}% 17
\BOOKMARK [3][-]{subsubsection.6.1.2.5}{\376\377\0006\000.\0001\000.\0002\000.\0005\000\040\000a\000f\000f\000i\000c\000h\000e\000r\000M\000o\000u\000v\000e\000m\000e\000n\000t\000s\000\050\000\051\000\040\000[\0002\000/\0004\000]}{subsection.6.1.2}% 18
\BOOKMARK [3][-]{subsubsection.6.1.2.6}{\376\377\0006\000.\0001\000.\0002\000.\0006\000\040\000a\000f\000f\000i\000c\000h\000e\000r\000M\000o\000u\000v\000e\000m\000e\000n\000t\000s\000\050\000\051\000\040\000[\0003\000/\0004\000]}{subsection.6.1.2}% 19
\BOOKMARK [3][-]{subsubsection.6.1.2.7}{\376\377\0006\000.\0001\000.\0002\000.\0007\000\040\000a\000f\000f\000i\000c\000h\000e\000r\000M\000o\000u\000v\000e\000m\000e\000n\000t\000s\000\050\000\051\000\040\000[\0004\000/\0004\000]}{subsection.6.1.2}% 20
\BOOKMARK [3][-]{subsubsection.6.1.2.8}{\376\377\0006\000.\0001\000.\0002\000.\0008\000\040\000b\000i\000e\000n\000v\000e\000n\000u\000e\000\050\000\051}{subsection.6.1.2}% 21
\BOOKMARK [3][-]{subsubsection.6.1.2.9}{\376\377\0006\000.\0001\000.\0002\000.\0009\000\040\000C\000h\000a\000n\000g\000e\000T\000e\000r\000m\000i\000n\000a\000l\000\050\000\051}{subsection.6.1.2}% 22
\BOOKMARK [3][-]{subsubsection.6.1.2.10}{\376\377\0006\000.\0001\000.\0002\000.\0001\0000\000\040\000c\000h\000e\000c\000k\000I\000n\000p\000u\000t\000\050\000\051}{subsection.6.1.2}% 23
\BOOKMARK [3][-]{subsubsection.6.1.2.11}{\376\377\0006\000.\0001\000.\0002\000.\0001\0001\000\040\000c\000h\000e\000c\000k\000S\000e\000p\000a\000r\000a\000t\000o\000r\000E\000n\000t\000i\000t\000e\000\050\000\051}{subsection.6.1.2}% 24
\BOOKMARK [3][-]{subsubsection.6.1.2.12}{\376\377\0006\000.\0001\000.\0002\000.\0001\0002\000\040\000c\000h\000e\000c\000k\000S\000e\000p\000a\000r\000a\000t\000o\000r\000S\000k\000i\000l\000l\000\050\000\051}{subsection.6.1.2}% 25
\BOOKMARK [3][-]{subsubsection.6.1.2.13}{\376\377\0006\000.\0001\000.\0002\000.\0001\0003\000\040\000c\000h\000e\000c\000k\000T\000e\000r\000m\000i\000n\000a\000l\000S\000i\000z\000e\000\050\000\051}{subsection.6.1.2}% 26
\BOOKMARK [3][-]{subsubsection.6.1.2.14}{\376\377\0006\000.\0001\000.\0002\000.\0001\0004\000\040\000c\000h\000o\000i\000x\000\137\000u\000n\000i\000q\000u\000e\000\137\000e\000l\000e\000m\000e\000n\000t\000\050\000\051}{subsection.6.1.2}% 27
\BOOKMARK [3][-]{subsubsection.6.1.2.15}{\376\377\0006\000.\0001\000.\0002\000.\0001\0005\000\040\000c\000l\000e\000a\000r\000S\000c\000r\000e\000e\000n\000\050\000\051}{subsection.6.1.2}% 28
\BOOKMARK [3][-]{subsubsection.6.1.2.16}{\376\377\0006\000.\0001\000.\0002\000.\0001\0006\000\040\000d\000e\000\050\000\051}{subsection.6.1.2}% 29
\BOOKMARK [3][-]{subsubsection.6.1.2.17}{\376\377\0006\000.\0001\000.\0002\000.\0001\0007\000\040\000g\000e\000t\000T\000e\000r\000m\000i\000n\000a\000l\000H\000e\000i\000g\000h\000t\000\050\000\051}{subsection.6.1.2}% 30
\BOOKMARK [3][-]{subsubsection.6.1.2.18}{\376\377\0006\000.\0001\000.\0002\000.\0001\0008\000\040\000g\000e\000t\000T\000e\000r\000m\000i\000n\000a\000l\000W\000i\000d\000t\000h\000\050\000\051}{subsection.6.1.2}% 31
\BOOKMARK [3][-]{subsubsection.6.1.2.19}{\376\377\0006\000.\0001\000.\0002\000.\0001\0009\000\040\000i\000n\000p\000u\000t\000S\000e\000p\000C\000h\000e\000c\000k\000\050\000\051}{subsection.6.1.2}% 32
\BOOKMARK [3][-]{subsubsection.6.1.2.20}{\376\377\0006\000.\0001\000.\0002\000.\0002\0000\000\040\000l\000i\000s\000t\000e\000\137\000e\000l\000e\000m\000e\000n\000t\000s\000\050\000\051}{subsection.6.1.2}% 33
\BOOKMARK [3][-]{subsubsection.6.1.2.21}{\376\377\0006\000.\0001\000.\0002\000.\0002\0001\000\040\000l\000o\000a\000d\000A\000l\000l\000C\000a\000r\000t\000e\000F\000r\000o\000m\000F\000i\000l\000e\000\050\000\051}{subsection.6.1.2}% 34
\BOOKMARK [3][-]{subsubsection.6.1.2.22}{\376\377\0006\000.\0001\000.\0002\000.\0002\0002\000\040\000l\000o\000a\000d\000A\000l\000l\000E\000n\000t\000i\000t\000e\000F\000r\000o\000m\000F\000i\000l\000e\000\050\000\051}{subsection.6.1.2}% 35
\BOOKMARK [3][-]{subsubsection.6.1.2.23}{\376\377\0006\000.\0001\000.\0002\000.\0002\0003\000\040\000l\000o\000a\000d\000C\000o\000m\000p\000e\000t\000e\000n\000c\000e\000F\000r\000o\000m\000F\000i\000l\000e\000\050\000\051}{subsection.6.1.2}% 36
\BOOKMARK [3][-]{subsubsection.6.1.2.24}{\376\377\0006\000.\0001\000.\0002\000.\0002\0004\000\040\000l\000o\000n\000g\000\137\000i\000n\000p\000u\000t\000\050\000\051}{subsection.6.1.2}% 37
\BOOKMARK [3][-]{subsubsection.6.1.2.25}{\376\377\0006\000.\0001\000.\0002\000.\0002\0005\000\040\000r\000e\000m\000o\000v\000e\000L\000a\000s\000t\000C\000h\000a\000r\000\050\000\051}{subsection.6.1.2}% 38
\BOOKMARK [3][-]{subsubsection.6.1.2.26}{\376\377\0006\000.\0001\000.\0002\000.\0002\0006\000\040\000R\000e\000s\000e\000t\000T\000e\000r\000m\000i\000n\000a\000l\000\050\000\051}{subsection.6.1.2}% 39
\BOOKMARK [3][-]{subsubsection.6.1.2.27}{\376\377\0006\000.\0001\000.\0002\000.\0002\0007\000\040\000s\000e\000t\000P\000l\000a\000y\000e\000r\000P\000o\000s\000i\000t\000i\000o\000n\000\050\000\051}{subsection.6.1.2}% 40
\BOOKMARK [3][-]{subsubsection.6.1.2.28}{\376\377\0006\000.\0001\000.\0002\000.\0002\0008\000\040\000t\000a\000i\000l\000l\000e\000\137\000s\000t\000r\000\050\000\051}{subsection.6.1.2}% 41
\BOOKMARK [3][-]{subsubsection.6.1.2.29}{\376\377\0006\000.\0001\000.\0002\000.\0002\0009\000\040\000T\000o\000\137\000i\000n\000t\000\050\000\051}{subsection.6.1.2}% 42
\BOOKMARK [3][-]{subsubsection.6.1.2.30}{\376\377\0006\000.\0001\000.\0002\000.\0003\0000\000\040\000t\000o\000S\000t\000r\000i\000n\000g\000\050\000\051}{subsection.6.1.2}% 43
\BOOKMARK [3][-]{subsubsection.6.1.2.31}{\376\377\0006\000.\0001\000.\0002\000.\0003\0001\000\040\000u\000p\000d\000a\000t\000e\000M\000a\000p\000\050\000\051}{subsection.6.1.2}% 44
\BOOKMARK [3][-]{subsubsection.6.1.2.32}{\376\377\0006\000.\0001\000.\0002\000.\0003\0002\000\040\000u\000p\000d\000a\000t\000e\000M\000e\000s\000s\000a\000g\000e\000\050\000\051}{subsection.6.1.2}% 45
\BOOKMARK [2][-]{subsection.6.1.3}{\376\377\0006\000.\0001\000.\0003\000\040\000V\000a\000r\000i\000a\000b\000l\000e\000\040\000D\000o\000c\000u\000m\000e\000n\000t\000a\000t\000i\000o\000n}{section.6.1}% 46
\BOOKMARK [3][-]{subsubsection.6.1.3.1}{\376\377\0006\000.\0001\000.\0003\000.\0001\000\040\000B\000L\000A\000N\000K}{subsection.6.1.3}% 47
\BOOKMARK [3][-]{subsubsection.6.1.3.2}{\376\377\0006\000.\0001\000.\0003\000.\0002\000\040\000B\000L\000U\000E}{subsection.6.1.3}% 48
\BOOKMARK [3][-]{subsubsection.6.1.3.3}{\376\377\0006\000.\0001\000.\0003\000.\0003\000\040\000c\000u\000r\000r\000e\000n\000t\000P\000l\000a\000y\000e\000r\000P\000o\000s\000i\000t\000i\000o\000n}{subsection.6.1.3}% 49
\BOOKMARK [3][-]{subsubsection.6.1.3.4}{\376\377\0006\000.\0001\000.\0003\000.\0004\000\040\000G\000R\000E\000E\000N}{subsection.6.1.3}% 50
\BOOKMARK [3][-]{subsubsection.6.1.3.5}{\376\377\0006\000.\0001\000.\0003\000.\0005\000\040\000i\000n\000t\000e\000r\000a\000c\000t\000i\000o\000n\000s\000O\000v\000e\000r\000l\000a\000y\000Y}{subsection.6.1.3}% 51
\BOOKMARK [3][-]{subsubsection.6.1.3.6}{\376\377\0006\000.\0001\000.\0003\000.\0006\000\040\000M\000A\000G\000E\000N\000T\000A}{subsection.6.1.3}% 52
\BOOKMARK [3][-]{subsubsection.6.1.3.7}{\376\377\0006\000.\0001\000.\0003\000.\0007\000\040\000m\000a\000p\000P\000o\000s\000i\000t\000i\000o\000n\000X}{subsection.6.1.3}% 53
\BOOKMARK [3][-]{subsubsection.6.1.3.8}{\376\377\0006\000.\0001\000.\0003\000.\0008\000\040\000m\000a\000p\000P\000o\000s\000i\000t\000i\000o\000n\000y}{subsection.6.1.3}% 54
\BOOKMARK [3][-]{subsubsection.6.1.3.9}{\376\377\0006\000.\0001\000.\0003\000.\0009\000\040\000R\000E\000D}{subsection.6.1.3}% 55
\BOOKMARK [3][-]{subsubsection.6.1.3.10}{\376\377\0006\000.\0001\000.\0003\000.\0001\0000\000\040\000T\000e\000r\000m\000H\000e\000i\000g\000h\000t}{subsection.6.1.3}% 56
\BOOKMARK [3][-]{subsubsection.6.1.3.11}{\376\377\0006\000.\0001\000.\0003\000.\0001\0001\000\040\000T\000e\000r\000m\000W\000i\000d\000t\000h}{subsection.6.1.3}% 57
\BOOKMARK [3][-]{subsubsection.6.1.3.12}{\376\377\0006\000.\0001\000.\0003\000.\0001\0002\000\040\000Y\000E\000L\000L\000O\000W}{subsection.6.1.3}% 58
\BOOKMARK [0][-]{chapter.7}{\376\377\0007\000\040\000C\000l\000a\000s\000s\000\040\000D\000o\000c\000u\000m\000e\000n\000t\000a\000t\000i\000o\000n}{}% 59
\BOOKMARK [1][-]{section.7.1}{\376\377\0007\000.\0001\000\040\000C\000a\000r\000t\000e\000\040\000C\000l\000a\000s\000s\000\040\000R\000e\000f\000e\000r\000e\000n\000c\000e}{chapter.7}% 60
\BOOKMARK [2][-]{subsection.7.1.1}{\376\377\0007\000.\0001\000.\0001\000\040\000D\000e\000t\000a\000i\000l\000e\000d\000\040\000D\000e\000s\000c\000r\000i\000p\000t\000i\000o\000n}{section.7.1}% 61
\BOOKMARK [2][-]{subsection.7.1.2}{\376\377\0007\000.\0001\000.\0002\000\040\000C\000o\000n\000s\000t\000r\000u\000c\000t\000o\000r\000\040\000\046\000\040\000D\000e\000s\000t\000r\000u\000c\000t\000o\000r\000\040\000D\000o\000c\000u\000m\000e\000n\000t\000a\000t\000i\000o\000n}{section.7.1}% 62
\BOOKMARK [3][-]{subsubsection.7.1.2.1}{\376\377\0007\000.\0001\000.\0002\000.\0001\000\040\000C\000a\000r\000t\000e\000\050\000\051\000\040\000[\0001\000/\0002\000]}{subsection.7.1.2}% 63
\BOOKMARK [3][-]{subsubsection.7.1.2.2}{\376\377\0007\000.\0001\000.\0002\000.\0002\000\040\000C\000a\000r\000t\000e\000\050\000\051\000\040\000[\0002\000/\0002\000]}{subsection.7.1.2}% 64
\BOOKMARK [2][-]{subsection.7.1.3}{\376\377\0007\000.\0001\000.\0003\000\040\000M\000e\000m\000b\000e\000r\000\040\000F\000u\000n\000c\000t\000i\000o\000n\000\040\000D\000o\000c\000u\000m\000e\000n\000t\000a\000t\000i\000o\000n}{section.7.1}% 65
\BOOKMARK [3][-]{subsubsection.7.1.3.1}{\376\377\0007\000.\0001\000.\0003\000.\0001\000\040\000a\000f\000f\000i\000c\000h\000a\000g\000e\000\137\000n\000o\000r\000m\000a\000l\000\050\000\051}{subsection.7.1.3}% 66
\BOOKMARK [3][-]{subsubsection.7.1.3.2}{\376\377\0007\000.\0001\000.\0003\000.\0002\000\040\000a\000f\000f\000i\000c\000h\000e\000r\000\137\000b\000r\000u\000t\000\050\000\051}{subsection.7.1.3}% 67
\BOOKMARK [3][-]{subsubsection.7.1.3.3}{\376\377\0007\000.\0001\000.\0003\000.\0003\000\040\000a\000f\000f\000i\000c\000h\000e\000r\000\137\000d\000e\000t\000a\000i\000l\000\050\000\051}{subsection.7.1.3}% 68
\BOOKMARK [3][-]{subsubsection.7.1.3.4}{\376\377\0007\000.\0001\000.\0003\000.\0004\000\040\000c\000a\000r\000t\000e\000S\000t\000r\000i\000n\000g\000\050\000\051}{subsection.7.1.3}% 69
\BOOKMARK [3][-]{subsubsection.7.1.3.5}{\376\377\0007\000.\0001\000.\0003\000.\0005\000\040\000c\000a\000s\000e\000A\000c\000c\000e\000s\000s\000i\000b\000l\000e\000\050\000\051}{subsection.7.1.3}% 70
\BOOKMARK [3][-]{subsubsection.7.1.3.6}{\376\377\0007\000.\0001\000.\0003\000.\0006\000\040\000c\000o\000o\000r\000d\000o\000n\000n\000e\000e\000j\000o\000u\000e\000u\000r\000\050\000\051}{subsection.7.1.3}% 71
\BOOKMARK [3][-]{subsubsection.7.1.3.7}{\376\377\0007\000.\0001\000.\0003\000.\0007\000\040\000c\000o\000o\000r\000d\000o\000n\000n\000e\000e\000m\000o\000n\000s\000t\000r\000e\000\050\000\051}{subsection.7.1.3}% 72
\BOOKMARK [3][-]{subsubsection.7.1.3.8}{\376\377\0007\000.\0001\000.\0003\000.\0008\000\040\000c\000o\000o\000r\000d\000o\000n\000n\000e\000e\000o\000b\000s\000t\000a\000c\000l\000e\000\050\000\051}{subsection.7.1.3}% 73
\BOOKMARK [3][-]{subsubsection.7.1.3.9}{\376\377\0007\000.\0001\000.\0003\000.\0009\000\040\000e\000c\000h\000a\000n\000g\000e\000r\000C\000o\000n\000t\000e\000n\000u\000C\000a\000s\000e\000\050\000\051}{subsection.7.1.3}% 74
\BOOKMARK [3][-]{subsubsection.7.1.3.10}{\376\377\0007\000.\0001\000.\0003\000.\0001\0000\000\040\000g\000e\000t\000D\000e\000s\000c\000r\000i\000p\000t\000i\000o\000n\000\050\000\051}{subsection.7.1.3}% 75
\BOOKMARK [3][-]{subsubsection.7.1.3.11}{\376\377\0007\000.\0001\000.\0003\000.\0001\0001\000\040\000g\000e\000t\000N\000a\000m\000e\000\050\000\051}{subsection.7.1.3}% 76
\BOOKMARK [3][-]{subsubsection.7.1.3.12}{\376\377\0007\000.\0001\000.\0003\000.\0001\0002\000\040\000g\000e\000t\000N\000b\000r\000M\000o\000n\000s\000t\000r\000e\000s\000\050\000\051}{subsection.7.1.3}% 77
\BOOKMARK [3][-]{subsubsection.7.1.3.13}{\376\377\0007\000.\0001\000.\0003\000.\0001\0003\000\040\000g\000e\000t\000P\000l\000a\000t\000e\000a\000u\000\050\000\051}{subsection.7.1.3}% 78
\BOOKMARK [3][-]{subsubsection.7.1.3.14}{\376\377\0007\000.\0001\000.\0003\000.\0001\0004\000\040\000g\000e\000t\000T\000a\000i\000l\000l\000e\000\050\000\051}{subsection.7.1.3}% 79
\BOOKMARK [3][-]{subsubsection.7.1.3.15}{\376\377\0007\000.\0001\000.\0003\000.\0001\0005\000\040\000m\000o\000n\000s\000t\000r\000e\000M\000o\000r\000t\000\050\000\051}{subsection.7.1.3}% 80
\BOOKMARK [3][-]{subsubsection.7.1.3.16}{\376\377\0007\000.\0001\000.\0003\000.\0001\0006\000\040\000n\000b\000L\000i\000g\000n\000e\000F\000i\000c\000h\000i\000e\000r\000\050\000\051}{subsection.7.1.3}% 81
\BOOKMARK [3][-]{subsubsection.7.1.3.17}{\376\377\0007\000.\0001\000.\0003\000.\0001\0007\000\040\000o\000p\000e\000r\000a\000t\000o\000r\000=\000\050\000\051}{subsection.7.1.3}% 82
\BOOKMARK [3][-]{subsubsection.7.1.3.18}{\376\377\0007\000.\0001\000.\0003\000.\0001\0008\000\040\000s\000a\000i\000s\000i\000e\000\050\000\051}{subsection.7.1.3}% 83
\BOOKMARK [3][-]{subsubsection.7.1.3.19}{\376\377\0007\000.\0001\000.\0003\000.\0001\0009\000\040\000s\000a\000v\000e\000I\000n\000F\000i\000l\000e\000\050\000\051}{subsection.7.1.3}% 84
\BOOKMARK [3][-]{subsubsection.7.1.3.20}{\376\377\0007\000.\0001\000.\0003\000.\0002\0000\000\040\000s\000e\000t\000C\000a\000s\000e\000\050\000\051}{subsection.7.1.3}% 85
\BOOKMARK [3][-]{subsubsection.7.1.3.21}{\376\377\0007\000.\0001\000.\0003\000.\0002\0001\000\040\000s\000e\000t\000C\000a\000s\000e\000D\000i\000s\000p\000o\000\050\000\051}{subsection.7.1.3}% 86
\BOOKMARK [3][-]{subsubsection.7.1.3.22}{\376\377\0007\000.\0001\000.\0003\000.\0002\0002\000\040\000s\000e\000t\000D\000e\000s\000c\000r\000i\000p\000t\000i\000o\000n\000\050\000\051}{subsection.7.1.3}% 87
\BOOKMARK [3][-]{subsubsection.7.1.3.23}{\376\377\0007\000.\0001\000.\0003\000.\0002\0003\000\040\000s\000e\000t\000I\000d\000\050\000\051}{subsection.7.1.3}% 88
\BOOKMARK [3][-]{subsubsection.7.1.3.24}{\376\377\0007\000.\0001\000.\0003\000.\0002\0004\000\040\000s\000e\000t\000N\000a\000m\000e\000\050\000\051}{subsection.7.1.3}% 89
\BOOKMARK [3][-]{subsubsection.7.1.3.25}{\376\377\0007\000.\0001\000.\0003\000.\0002\0005\000\040\000s\000e\000t\000N\000b\000r\000M\000o\000n\000s\000t\000r\000e\000\050\000\051}{subsection.7.1.3}% 90
\BOOKMARK [3][-]{subsubsection.7.1.3.26}{\376\377\0007\000.\0001\000.\0003\000.\0002\0006\000\040\000s\000e\000t\000P\000l\000a\000t\000e\000a\000u\000\050\000\051}{subsection.7.1.3}% 91
\BOOKMARK [3][-]{subsubsection.7.1.3.27}{\376\377\0007\000.\0001\000.\0003\000.\0002\0007\000\040\000s\000e\000t\000T\000a\000i\000l\000l\000e\000\050\000\051}{subsection.7.1.3}% 92
\BOOKMARK [2][-]{subsection.7.1.4}{\376\377\0007\000.\0001\000.\0004\000\040\000M\000e\000m\000b\000e\000r\000\040\000D\000a\000t\000a\000\040\000D\000o\000c\000u\000m\000e\000n\000t\000a\000t\000i\000o\000n}{section.7.1}% 93
\BOOKMARK [3][-]{subsubsection.7.1.4.1}{\376\377\0007\000.\0001\000.\0004\000.\0001\000\040\000n\000b\000E\000l\000e\000m\000P\000r\000o\000t}{subsection.7.1.4}% 94
\BOOKMARK [1][-]{section.7.2}{\376\377\0007\000.\0002\000\040\000c\000o\000m\000p\000e\000t\000e\000n\000c\000e\000\040\000C\000l\000a\000s\000s\000\040\000R\000e\000f\000e\000r\000e\000n\000c\000e}{chapter.7}% 95
\BOOKMARK [2][-]{subsection.7.2.1}{\376\377\0007\000.\0002\000.\0001\000\040\000D\000e\000t\000a\000i\000l\000e\000d\000\040\000D\000e\000s\000c\000r\000i\000p\000t\000i\000o\000n}{section.7.2}% 96
\BOOKMARK [2][-]{subsection.7.2.2}{\376\377\0007\000.\0002\000.\0002\000\040\000C\000o\000n\000s\000t\000r\000u\000c\000t\000o\000r\000\040\000\046\000\040\000D\000e\000s\000t\000r\000u\000c\000t\000o\000r\000\040\000D\000o\000c\000u\000m\000e\000n\000t\000a\000t\000i\000o\000n}{section.7.2}% 97
\BOOKMARK [3][-]{subsubsection.7.2.2.1}{\376\377\0007\000.\0002\000.\0002\000.\0001\000\040\000c\000o\000m\000p\000e\000t\000e\000n\000c\000e\000\050\000\051\000\040\000[\0001\000/\0003\000]}{subsection.7.2.2}% 98
\BOOKMARK [3][-]{subsubsection.7.2.2.2}{\376\377\0007\000.\0002\000.\0002\000.\0002\000\040\000c\000o\000m\000p\000e\000t\000e\000n\000c\000e\000\050\000\051\000\040\000[\0002\000/\0003\000]}{subsection.7.2.2}% 99
\BOOKMARK [3][-]{subsubsection.7.2.2.3}{\376\377\0007\000.\0002\000.\0002\000.\0003\000\040\000c\000o\000m\000p\000e\000t\000e\000n\000c\000e\000\050\000\051\000\040\000[\0003\000/\0003\000]}{subsection.7.2.2}% 100
\BOOKMARK [3][-]{subsubsection.7.2.2.4}{\376\377\0007\000.\0002\000.\0002\000.\0004\000\040\000\040\000c\000o\000m\000p\000e\000t\000e\000n\000c\000e\000\050\000\051}{subsection.7.2.2}% 101
\BOOKMARK [2][-]{subsection.7.2.3}{\376\377\0007\000.\0002\000.\0003\000\040\000M\000e\000m\000b\000e\000r\000\040\000F\000u\000n\000c\000t\000i\000o\000n\000\040\000D\000o\000c\000u\000m\000e\000n\000t\000a\000t\000i\000o\000n}{section.7.2}% 102
\BOOKMARK [3][-]{subsubsection.7.2.3.1}{\376\377\0007\000.\0002\000.\0003\000.\0001\000\040\000a\000f\000f\000i\000c\000h\000e\000r\000\137\000d\000e\000t\000a\000i\000l\000\050\000\051}{subsection.7.2.3}% 103
\BOOKMARK [3][-]{subsubsection.7.2.3.2}{\376\377\0007\000.\0002\000.\0003\000.\0002\000\040\000a\000f\000f\000i\000c\000h\000e\000r\000\137\000d\000e\000t\000a\000i\000l\000\137\000c\000o\000m\000b\000a\000t\000\050\000\051}{subsection.7.2.3}% 104
\BOOKMARK [3][-]{subsubsection.7.2.3.3}{\376\377\0007\000.\0002\000.\0003\000.\0003\000\040\000c\000o\000m\000p\000e\000t\000e\000n\000c\000e\000S\000t\000r\000i\000n\000g\000\050\000\051}{subsection.7.2.3}% 105
\BOOKMARK [3][-]{subsubsection.7.2.3.4}{\376\377\0007\000.\0002\000.\0003\000.\0004\000\040\000g\000e\000t\000D\000a\000m\000a\000g\000e\000\050\000\051}{subsection.7.2.3}% 106
\BOOKMARK [3][-]{subsubsection.7.2.3.5}{\376\377\0007\000.\0002\000.\0003\000.\0005\000\040\000g\000e\000t\000D\000e\000s\000c\000r\000i\000p\000t\000i\000o\000n\000\050\000\051}{subsection.7.2.3}% 107
\BOOKMARK [3][-]{subsubsection.7.2.3.6}{\376\377\0007\000.\0002\000.\0003\000.\0006\000\040\000g\000e\000t\000M\000a\000n\000a\000C\000o\000s\000t\000\050\000\051}{subsection.7.2.3}% 108
\BOOKMARK [3][-]{subsubsection.7.2.3.7}{\376\377\0007\000.\0002\000.\0003\000.\0007\000\040\000g\000e\000t\000N\000a\000m\000e\000\050\000\051}{subsection.7.2.3}% 109
\BOOKMARK [3][-]{subsubsection.7.2.3.8}{\376\377\0007\000.\0002\000.\0003\000.\0008\000\040\000t\000o\000S\000t\000r\000i\000n\000g\000\050\000\051}{subsection.7.2.3}% 110
\BOOKMARK [1][-]{section.7.3}{\376\377\0007\000.\0003\000\040\000c\000o\000n\000f\000i\000g\000\040\000C\000l\000a\000s\000s\000\040\000R\000e\000f\000e\000r\000e\000n\000c\000e}{chapter.7}% 111
\BOOKMARK [2][-]{subsection.7.3.1}{\376\377\0007\000.\0003\000.\0001\000\040\000M\000e\000m\000b\000e\000r\000\040\000F\000u\000n\000c\000t\000i\000o\000n\000\040\000D\000o\000c\000u\000m\000e\000n\000t\000a\000t\000i\000o\000n}{section.7.3}% 112
\BOOKMARK [3][-]{subsubsection.7.3.1.1}{\376\377\0007\000.\0003\000.\0001\000.\0001\000\040\000c\000h\000o\000i\000x\000\137\000t\000a\000i\000l\000l\000e\000\050\000\051}{subsection.7.3.1}% 113
\BOOKMARK [3][-]{subsubsection.7.3.1.2}{\376\377\0007\000.\0003\000.\0001\000.\0002\000\040\000c\000o\000n\000f\000i\000g\000\137\000c\000a\000r\000t\000e\000\050\000\051}{subsection.7.3.1}% 114
\BOOKMARK [3][-]{subsubsection.7.3.1.3}{\376\377\0007\000.\0003\000.\0001\000.\0003\000\040\000c\000o\000n\000f\000i\000g\000\137\000m\000o\000n\000s\000t\000r\000e\000\050\000\051}{subsection.7.3.1}% 115
\BOOKMARK [3][-]{subsubsection.7.3.1.4}{\376\377\0007\000.\0003\000.\0001\000.\0004\000\040\000c\000o\000n\000f\000i\000g\000\137\000p\000e\000r\000s\000o\000\050\000\051}{subsection.7.3.1}% 116
\BOOKMARK [3][-]{subsubsection.7.3.1.5}{\376\377\0007\000.\0003\000.\0001\000.\0005\000\040\000c\000r\000e\000a\000t\000e\000C\000o\000m\000p\000e\000t\000e\000n\000c\000e\000E\000n\000t\000i\000t\000e\000\050\000\051}{subsection.7.3.1}% 117
\BOOKMARK [3][-]{subsubsection.7.3.1.6}{\376\377\0007\000.\0003\000.\0001\000.\0006\000\040\000c\000r\000e\000a\000t\000i\000o\000n\000C\000a\000r\000t\000e\000\050\000\051}{subsection.7.3.1}% 118
\BOOKMARK [3][-]{subsubsection.7.3.1.7}{\376\377\0007\000.\0003\000.\0001\000.\0007\000\040\000c\000r\000e\000a\000t\000i\000o\000n\000E\000n\000t\000i\000t\000e\000\050\000\051}{subsection.7.3.1}% 119
\BOOKMARK [3][-]{subsubsection.7.3.1.8}{\376\377\0007\000.\0003\000.\0001\000.\0008\000\040\000d\000e\000l\000e\000t\000e\000L\000i\000n\000e\000E\000l\000e\000m\000e\000n\000t\000\050\000\051}{subsection.7.3.1}% 120
\BOOKMARK [3][-]{subsubsection.7.3.1.9}{\376\377\0007\000.\0003\000.\0001\000.\0009\000\040\000i\000d\000e\000n\000t\000i\000f\000\137\000o\000b\000j\000e\000t\000\050\000\051}{subsection.7.3.1}% 121
\BOOKMARK [1][-]{section.7.4}{\376\377\0007\000.\0004\000\040\000e\000n\000t\000i\000t\000e\000\040\000C\000l\000a\000s\000s\000\040\000R\000e\000f\000e\000r\000e\000n\000c\000e}{chapter.7}% 122
\BOOKMARK [2][-]{subsection.7.4.1}{\376\377\0007\000.\0004\000.\0001\000\040\000C\000o\000n\000s\000t\000r\000u\000c\000t\000o\000r\000\040\000\046\000\040\000D\000e\000s\000t\000r\000u\000c\000t\000o\000r\000\040\000D\000o\000c\000u\000m\000e\000n\000t\000a\000t\000i\000o\000n}{section.7.4}% 123
\BOOKMARK [3][-]{subsubsection.7.4.1.1}{\376\377\0007\000.\0004\000.\0001\000.\0001\000\040\000e\000n\000t\000i\000t\000e\000\050\000\051\000\040\000[\0001\000/\0002\000]}{subsection.7.4.1}% 124
\BOOKMARK [3][-]{subsubsection.7.4.1.2}{\376\377\0007\000.\0004\000.\0001\000.\0002\000\040\000e\000n\000t\000i\000t\000e\000\050\000\051\000\040\000[\0002\000/\0002\000]}{subsection.7.4.1}% 125
\BOOKMARK [2][-]{subsection.7.4.2}{\376\377\0007\000.\0004\000.\0002\000\040\000M\000e\000m\000b\000e\000r\000\040\000F\000u\000n\000c\000t\000i\000o\000n\000\040\000D\000o\000c\000u\000m\000e\000n\000t\000a\000t\000i\000o\000n}{section.7.4}% 126
\BOOKMARK [3][-]{subsubsection.7.4.2.1}{\376\377\0007\000.\0004\000.\0002\000.\0001\000\040\000a\000f\000f\000i\000c\000h\000e\000r\000\137\000b\000r\000u\000t\000\050\000\051}{subsection.7.4.2}% 127
\BOOKMARK [3][-]{subsubsection.7.4.2.2}{\376\377\0007\000.\0004\000.\0002\000.\0002\000\040\000a\000f\000f\000i\000c\000h\000e\000r\000\137\000c\000o\000m\000b\000a\000t\000\050\000\051}{subsection.7.4.2}% 128
\BOOKMARK [3][-]{subsubsection.7.4.2.3}{\376\377\0007\000.\0004\000.\0002\000.\0003\000\040\000a\000f\000f\000i\000c\000h\000e\000r\000\137\000d\000e\000t\000a\000i\000l\000\050\000\051}{subsection.7.4.2}% 129
\BOOKMARK [3][-]{subsubsection.7.4.2.4}{\376\377\0007\000.\0004\000.\0002\000.\0004\000\040\000e\000n\000l\000e\000v\000e\000r\000M\000a\000n\000a\000\050\000\051}{subsection.7.4.2}% 130
\BOOKMARK [3][-]{subsubsection.7.4.2.5}{\376\377\0007\000.\0004\000.\0002\000.\0005\000\040\000e\000n\000l\000e\000v\000e\000r\000V\000i\000e\000\050\000\051}{subsection.7.4.2}% 131
\BOOKMARK [3][-]{subsubsection.7.4.2.6}{\376\377\0007\000.\0004\000.\0002\000.\0006\000\040\000e\000n\000t\000i\000t\000e\000S\000t\000r\000i\000n\000g\000\050\000\051}{subsection.7.4.2}% 132
\BOOKMARK [3][-]{subsubsection.7.4.2.7}{\376\377\0007\000.\0004\000.\0002\000.\0007\000\040\000g\000e\000t\000A\000l\000i\000v\000e\000\050\000\051}{subsection.7.4.2}% 133
\BOOKMARK [3][-]{subsubsection.7.4.2.8}{\376\377\0007\000.\0004\000.\0002\000.\0008\000\040\000g\000e\000t\000D\000e\000s\000c\000r\000i\000p\000t\000i\000o\000n\000\050\000\051}{subsection.7.4.2}% 134
\BOOKMARK [3][-]{subsubsection.7.4.2.9}{\376\377\0007\000.\0004\000.\0002\000.\0009\000\040\000g\000e\000t\000H\000p\000C\000u\000r\000r\000e\000n\000t\000\050\000\051}{subsection.7.4.2}% 135
\BOOKMARK [3][-]{subsubsection.7.4.2.10}{\376\377\0007\000.\0004\000.\0002\000.\0001\0000\000\040\000g\000e\000t\000H\000p\000M\000a\000x\000\050\000\051}{subsection.7.4.2}% 136
\BOOKMARK [3][-]{subsubsection.7.4.2.11}{\376\377\0007\000.\0004\000.\0002\000.\0001\0001\000\040\000g\000e\000t\000I\000D\000\050\000\051}{subsection.7.4.2}% 137
\BOOKMARK [3][-]{subsubsection.7.4.2.12}{\376\377\0007\000.\0004\000.\0002\000.\0001\0002\000\040\000g\000e\000t\000M\000a\000n\000a\000C\000u\000r\000r\000e\000n\000t\000\050\000\051}{subsection.7.4.2}% 138
\BOOKMARK [3][-]{subsubsection.7.4.2.13}{\376\377\0007\000.\0004\000.\0002\000.\0001\0003\000\040\000g\000e\000t\000M\000a\000n\000a\000M\000a\000x\000\050\000\051}{subsection.7.4.2}% 139
\BOOKMARK [3][-]{subsubsection.7.4.2.14}{\376\377\0007\000.\0004\000.\0002\000.\0001\0004\000\040\000g\000e\000t\000N\000a\000m\000e\000\050\000\051}{subsection.7.4.2}% 140
\BOOKMARK [3][-]{subsubsection.7.4.2.15}{\376\377\0007\000.\0004\000.\0002\000.\0001\0005\000\040\000g\000e\000t\000S\000k\000i\000l\000l\000V\000e\000c\000t\000\050\000\051}{subsection.7.4.2}% 141
\BOOKMARK [3][-]{subsubsection.7.4.2.16}{\376\377\0007\000.\0004\000.\0002\000.\0001\0006\000\040\000g\000e\000t\000S\000p\000e\000e\000d\000\050\000\051}{subsection.7.4.2}% 142
\BOOKMARK [3][-]{subsubsection.7.4.2.17}{\376\377\0007\000.\0004\000.\0002\000.\0001\0007\000\040\000i\000s\000\137\000m\000o\000n\000s\000t\000r\000e\000\050\000\051}{subsection.7.4.2}% 143
\BOOKMARK [3][-]{subsubsection.7.4.2.18}{\376\377\0007\000.\0004\000.\0002\000.\0001\0008\000\040\000i\000s\000\137\000p\000e\000r\000s\000o\000n\000n\000a\000g\000e\000\050\000\051}{subsection.7.4.2}% 144
\BOOKMARK [3][-]{subsubsection.7.4.2.19}{\376\377\0007\000.\0004\000.\0002\000.\0001\0009\000\040\000n\000b\000L\000i\000g\000n\000e\000F\000i\000c\000h\000i\000e\000r\000\050\000\051}{subsection.7.4.2}% 145
\BOOKMARK [3][-]{subsubsection.7.4.2.20}{\376\377\0007\000.\0004\000.\0002\000.\0002\0000\000\040\000r\000a\000n\000d\000o\000m\000i\000z\000e\000D\000e\000g\000a\000t\000\050\000\051}{subsection.7.4.2}% 146
\BOOKMARK [3][-]{subsubsection.7.4.2.21}{\376\377\0007\000.\0004\000.\0002\000.\0002\0001\000\040\000s\000a\000v\000e\000I\000n\000F\000i\000l\000e\000\050\000\051}{subsection.7.4.2}% 147
\BOOKMARK [3][-]{subsubsection.7.4.2.22}{\376\377\0007\000.\0004\000.\0002\000.\0002\0002\000\040\000s\000e\000t\000H\000p\000C\000u\000r\000r\000e\000n\000t\000\050\000\051}{subsection.7.4.2}% 148
\BOOKMARK [3][-]{subsubsection.7.4.2.23}{\376\377\0007\000.\0004\000.\0002\000.\0002\0003\000\040\000s\000e\000t\000M\000a\000n\000a\000C\000u\000r\000r\000e\000n\000t\000\050\000\051}{subsection.7.4.2}% 149
\BOOKMARK [2][-]{subsection.7.4.3}{\376\377\0007\000.\0004\000.\0003\000\040\000M\000e\000m\000b\000e\000r\000\040\000D\000a\000t\000a\000\040\000D\000o\000c\000u\000m\000e\000n\000t\000a\000t\000i\000o\000n}{section.7.4}% 150
\BOOKMARK [3][-]{subsubsection.7.4.3.1}{\376\377\0007\000.\0004\000.\0003\000.\0001\000\040\000e\000n\000t\000i\000t\000e\000A\000l\000i\000v\000e}{subsection.7.4.3}% 151
\BOOKMARK [3][-]{subsubsection.7.4.3.2}{\376\377\0007\000.\0004\000.\0003\000.\0002\000\040\000e\000n\000t\000i\000t\000e\000D\000e\000s\000c\000r\000i\000p\000t\000i\000o\000n}{subsection.7.4.3}% 152
\BOOKMARK [3][-]{subsubsection.7.4.3.3}{\376\377\0007\000.\0004\000.\0003\000.\0003\000\040\000e\000n\000t\000i\000t\000e\000H\000p\000C\000u\000r\000r\000e\000n\000t}{subsection.7.4.3}% 153
\BOOKMARK [3][-]{subsubsection.7.4.3.4}{\376\377\0007\000.\0004\000.\0003\000.\0004\000\040\000e\000n\000t\000i\000t\000e\000H\000p\000M\000a\000x}{subsection.7.4.3}% 154
\BOOKMARK [3][-]{subsubsection.7.4.3.5}{\376\377\0007\000.\0004\000.\0003\000.\0005\000\040\000e\000n\000t\000i\000t\000e\000I\000d}{subsection.7.4.3}% 155
\BOOKMARK [3][-]{subsubsection.7.4.3.6}{\376\377\0007\000.\0004\000.\0003\000.\0006\000\040\000e\000n\000t\000i\000t\000e\000M\000a\000n\000a\000C\000u\000r\000r\000e\000n\000t}{subsection.7.4.3}% 156
\BOOKMARK [3][-]{subsubsection.7.4.3.7}{\376\377\0007\000.\0004\000.\0003\000.\0007\000\040\000e\000n\000t\000i\000t\000e\000M\000a\000n\000a\000M\000a\000x}{subsection.7.4.3}% 157
\BOOKMARK [3][-]{subsubsection.7.4.3.8}{\376\377\0007\000.\0004\000.\0003\000.\0008\000\040\000e\000n\000t\000i\000t\000e\000N\000a\000m\000e}{subsection.7.4.3}% 158
\BOOKMARK [3][-]{subsubsection.7.4.3.9}{\376\377\0007\000.\0004\000.\0003\000.\0009\000\040\000e\000n\000t\000i\000t\000e\000S\000k\000i\000l\000l\000V\000e\000c\000t}{subsection.7.4.3}% 159
\BOOKMARK [3][-]{subsubsection.7.4.3.10}{\376\377\0007\000.\0004\000.\0003\000.\0001\0000\000\040\000e\000n\000t\000i\000t\000e\000S\000p\000e\000e\000d}{subsection.7.4.3}% 160
\BOOKMARK [1][-]{section.7.5}{\376\377\0007\000.\0005\000\040\000j\000e\000u\000\040\000C\000l\000a\000s\000s\000\040\000R\000e\000f\000e\000r\000e\000n\000c\000e}{chapter.7}% 161
\BOOKMARK [2][-]{subsection.7.5.1}{\376\377\0007\000.\0005\000.\0001\000\040\000D\000e\000t\000a\000i\000l\000e\000d\000\040\000D\000e\000s\000c\000r\000i\000p\000t\000i\000o\000n}{section.7.5}% 162
\BOOKMARK [2][-]{subsection.7.5.2}{\376\377\0007\000.\0005\000.\0002\000\040\000C\000o\000n\000s\000t\000r\000u\000c\000t\000o\000r\000\040\000\046\000\040\000D\000e\000s\000t\000r\000u\000c\000t\000o\000r\000\040\000D\000o\000c\000u\000m\000e\000n\000t\000a\000t\000i\000o\000n}{section.7.5}% 163
\BOOKMARK [3][-]{subsubsection.7.5.2.1}{\376\377\0007\000.\0005\000.\0002\000.\0001\000\040\000j\000e\000u\000\050\000\051}{subsection.7.5.2}% 164
\BOOKMARK [3][-]{subsubsection.7.5.2.2}{\376\377\0007\000.\0005\000.\0002\000.\0002\000\040\000\040\000j\000e\000u\000\050\000\051}{subsection.7.5.2}% 165
\BOOKMARK [2][-]{subsection.7.5.3}{\376\377\0007\000.\0005\000.\0003\000\040\000M\000e\000m\000b\000e\000r\000\040\000F\000u\000n\000c\000t\000i\000o\000n\000\040\000D\000o\000c\000u\000m\000e\000n\000t\000a\000t\000i\000o\000n}{section.7.5}% 166
\BOOKMARK [3][-]{subsubsection.7.5.3.1}{\376\377\0007\000.\0005\000.\0003\000.\0001\000\040\000a\000f\000f\000i\000c\000h\000e\000r\000J\000e\000u\000\050\000\051}{subsection.7.5.3}% 167
\BOOKMARK [3][-]{subsubsection.7.5.3.2}{\376\377\0007\000.\0005\000.\0003\000.\0002\000\040\000a\000p\000p\000l\000i\000q\000u\000e\000r\000\137\000c\000o\000m\000p\000\050\000\051}{subsection.7.5.3}% 168
\BOOKMARK [3][-]{subsubsection.7.5.3.3}{\376\377\0007\000.\0005\000.\0003\000.\0003\000\040\000c\000h\000a\000r\000g\000e\000m\000e\000n\000t\000\137\000e\000n\000t\000i\000t\000e\000\050\000\051}{subsection.7.5.3}% 169
\BOOKMARK [3][-]{subsubsection.7.5.3.4}{\376\377\0007\000.\0005\000.\0003\000.\0004\000\040\000c\000h\000e\000r\000c\000h\000e\000\137\000m\000o\000n\000s\000t\000r\000e\000\050\000\051}{subsection.7.5.3}% 170
\BOOKMARK [3][-]{subsubsection.7.5.3.5}{\376\377\0007\000.\0005\000.\0003\000.\0005\000\040\000c\000h\000o\000i\000x\000\137\000c\000o\000m\000p\000\050\000\051}{subsection.7.5.3}% 171
\BOOKMARK [3][-]{subsubsection.7.5.3.6}{\376\377\0007\000.\0005\000.\0003\000.\0006\000\040\000c\000h\000o\000i\000x\000\137\000t\000a\000r\000g\000e\000t\000\050\000\051}{subsection.7.5.3}% 172
\BOOKMARK [3][-]{subsubsection.7.5.3.7}{\376\377\0007\000.\0005\000.\0003\000.\0007\000\040\000c\000o\000m\000b\000a\000t\000\050\000\051}{subsection.7.5.3}% 173
\BOOKMARK [3][-]{subsubsection.7.5.3.8}{\376\377\0007\000.\0005\000.\0003\000.\0008\000\040\000d\000e\000p\000l\000a\000c\000e\000m\000e\000n\000t\000\050\000\051}{subsection.7.5.3}% 174
\BOOKMARK [3][-]{subsubsection.7.5.3.9}{\376\377\0007\000.\0005\000.\0003\000.\0009\000\040\000f\000a\000i\000l\000e\000d\000G\000a\000m\000e\000\050\000\051}{subsection.7.5.3}% 175
\BOOKMARK [3][-]{subsubsection.7.5.3.10}{\376\377\0007\000.\0005\000.\0003\000.\0001\0000\000\040\000g\000e\000n\000e\000r\000e\000r\000D\000e\000p\000l\000a\000c\000e\000m\000e\000n\000t\000\050\000\051}{subsection.7.5.3}% 176
\BOOKMARK [3][-]{subsubsection.7.5.3.11}{\376\377\0007\000.\0005\000.\0003\000.\0001\0001\000\040\000g\000e\000n\000e\000r\000e\000r\000I\000n\000p\000u\000t\000A\000c\000c\000e\000p\000t\000e\000\050\000\051}{subsection.7.5.3}% 177
\BOOKMARK [3][-]{subsubsection.7.5.3.12}{\376\377\0007\000.\0005\000.\0003\000.\0001\0002\000\040\000g\000e\000t\000C\000a\000r\000t\000e\000\050\000\051}{subsection.7.5.3}% 178
\BOOKMARK [3][-]{subsubsection.7.5.3.13}{\376\377\0007\000.\0005\000.\0003\000.\0001\0003\000\040\000g\000e\000t\000M\000o\000n\000s\000t\000r\000e\000s\000\050\000\051}{subsection.7.5.3}% 179
\BOOKMARK [3][-]{subsubsection.7.5.3.14}{\376\377\0007\000.\0005\000.\0003\000.\0001\0004\000\040\000g\000e\000t\000N\000b\000M\000o\000n\000s\000t\000r\000e\000s\000\050\000\051}{subsection.7.5.3}% 180
\BOOKMARK [3][-]{subsubsection.7.5.3.15}{\376\377\0007\000.\0005\000.\0003\000.\0001\0005\000\040\000g\000e\000t\000P\000e\000r\000s\000o\000\050\000\051}{subsection.7.5.3}% 181
\BOOKMARK [3][-]{subsubsection.7.5.3.16}{\376\377\0007\000.\0005\000.\0003\000.\0001\0006\000\040\000o\000r\000g\000a\000\137\000e\000n\000t\000i\000t\000e\000s\000\050\000\051}{subsection.7.5.3}% 182
\BOOKMARK [3][-]{subsubsection.7.5.3.17}{\376\377\0007\000.\0005\000.\0003\000.\0001\0007\000\040\000q\000u\000i\000t\000G\000a\000m\000e\000\050\000\051}{subsection.7.5.3}% 183
\BOOKMARK [3][-]{subsubsection.7.5.3.18}{\376\377\0007\000.\0005\000.\0003\000.\0001\0008\000\040\000s\000e\000t\000J\000e\000u\000C\000a\000r\000t\000e\000\050\000\051}{subsection.7.5.3}% 184
\BOOKMARK [3][-]{subsubsection.7.5.3.19}{\376\377\0007\000.\0005\000.\0003\000.\0001\0009\000\040\000v\000i\000c\000t\000o\000i\000r\000e\000G\000a\000m\000e\000\050\000\051}{subsection.7.5.3}% 185
\BOOKMARK [1][-]{section.7.6}{\376\377\0007\000.\0006\000\040\000m\000o\000n\000s\000t\000r\000e\000\040\000C\000l\000a\000s\000s\000\040\000R\000e\000f\000e\000r\000e\000n\000c\000e}{chapter.7}% 186
\BOOKMARK [2][-]{subsection.7.6.1}{\376\377\0007\000.\0006\000.\0001\000\040\000D\000e\000t\000a\000i\000l\000e\000d\000\040\000D\000e\000s\000c\000r\000i\000p\000t\000i\000o\000n}{section.7.6}% 187
\BOOKMARK [2][-]{subsection.7.6.2}{\376\377\0007\000.\0006\000.\0002\000\040\000C\000o\000n\000s\000t\000r\000u\000c\000t\000o\000r\000\040\000\046\000\040\000D\000e\000s\000t\000r\000u\000c\000t\000o\000r\000\040\000D\000o\000c\000u\000m\000e\000n\000t\000a\000t\000i\000o\000n}{section.7.6}% 188
\BOOKMARK [3][-]{subsubsection.7.6.2.1}{\376\377\0007\000.\0006\000.\0002\000.\0001\000\040\000m\000o\000n\000s\000t\000r\000e\000\050\000\051\000\040\000[\0001\000/\0002\000]}{subsection.7.6.2}% 189
\BOOKMARK [3][-]{subsubsection.7.6.2.2}{\376\377\0007\000.\0006\000.\0002\000.\0002\000\040\000m\000o\000n\000s\000t\000r\000e\000\050\000\051\000\040\000[\0002\000/\0002\000]}{subsection.7.6.2}% 190
\BOOKMARK [2][-]{subsection.7.6.3}{\376\377\0007\000.\0006\000.\0003\000\040\000M\000e\000m\000b\000e\000r\000\040\000F\000u\000n\000c\000t\000i\000o\000n\000\040\000D\000o\000c\000u\000m\000e\000n\000t\000a\000t\000i\000o\000n}{section.7.6}% 191
\BOOKMARK [3][-]{subsubsection.7.6.3.1}{\376\377\0007\000.\0006\000.\0003\000.\0001\000\040\000p\000r\000i\000n\000t\000M\000o\000n\000s\000t\000r\000e\000\050\000\051}{subsection.7.6.3}% 192
\BOOKMARK [2][-]{subsection.7.6.4}{\376\377\0007\000.\0006\000.\0004\000\040\000M\000e\000m\000b\000e\000r\000\040\000D\000a\000t\000a\000\040\000D\000o\000c\000u\000m\000e\000n\000t\000a\000t\000i\000o\000n}{section.7.6}% 193
\BOOKMARK [3][-]{subsubsection.7.6.4.1}{\376\377\0007\000.\0006\000.\0004\000.\0001\000\040\000n\000b\000E\000l\000e\000m\000P\000r\000o\000t}{subsection.7.6.4}% 194
\BOOKMARK [1][-]{section.7.7}{\376\377\0007\000.\0007\000\040\000p\000e\000r\000s\000o\000n\000n\000a\000g\000e\000\040\000C\000l\000a\000s\000s\000\040\000R\000e\000f\000e\000r\000e\000n\000c\000e}{chapter.7}% 195
\BOOKMARK [2][-]{subsection.7.7.1}{\376\377\0007\000.\0007\000.\0001\000\040\000D\000e\000t\000a\000i\000l\000e\000d\000\040\000D\000e\000s\000c\000r\000i\000p\000t\000i\000o\000n}{section.7.7}% 196
\BOOKMARK [2][-]{subsection.7.7.2}{\376\377\0007\000.\0007\000.\0002\000\040\000C\000o\000n\000s\000t\000r\000u\000c\000t\000o\000r\000\040\000\046\000\040\000D\000e\000s\000t\000r\000u\000c\000t\000o\000r\000\040\000D\000o\000c\000u\000m\000e\000n\000t\000a\000t\000i\000o\000n}{section.7.7}% 197
\BOOKMARK [3][-]{subsubsection.7.7.2.1}{\376\377\0007\000.\0007\000.\0002\000.\0001\000\040\000p\000e\000r\000s\000o\000n\000n\000a\000g\000e\000\050\000\051\000\040\000[\0001\000/\0002\000]}{subsection.7.7.2}% 198
\BOOKMARK [3][-]{subsubsection.7.7.2.2}{\376\377\0007\000.\0007\000.\0002\000.\0002\000\040\000p\000e\000r\000s\000o\000n\000n\000a\000g\000e\000\050\000\051\000\040\000[\0002\000/\0002\000]}{subsection.7.7.2}% 199
\BOOKMARK [2][-]{subsection.7.7.3}{\376\377\0007\000.\0007\000.\0003\000\040\000M\000e\000m\000b\000e\000r\000\040\000F\000u\000n\000c\000t\000i\000o\000n\000\040\000D\000o\000c\000u\000m\000e\000n\000t\000a\000t\000i\000o\000n}{section.7.7}% 200
\BOOKMARK [3][-]{subsubsection.7.7.3.1}{\376\377\0007\000.\0007\000.\0003\000.\0001\000\040\000p\000r\000i\000n\000t\000P\000e\000r\000s\000o\000n\000n\000a\000g\000e\000\050\000\051}{subsection.7.7.3}% 201
\BOOKMARK [2][-]{subsection.7.7.4}{\376\377\0007\000.\0007\000.\0004\000\040\000M\000e\000m\000b\000e\000r\000\040\000D\000a\000t\000a\000\040\000D\000o\000c\000u\000m\000e\000n\000t\000a\000t\000i\000o\000n}{section.7.7}% 202
\BOOKMARK [3][-]{subsubsection.7.7.4.1}{\376\377\0007\000.\0007\000.\0004\000.\0001\000\040\000n\000b\000E\000l\000e\000m\000P\000r\000o\000t}{subsection.7.7.4}% 203
\BOOKMARK [0][-]{chapter.8}{\376\377\0008\000\040\000F\000i\000l\000e\000\040\000D\000o\000c\000u\000m\000e\000n\000t\000a\000t\000i\000o\000n}{}% 204
\BOOKMARK [1][-]{section.8.1}{\376\377\0008\000.\0001\000\040\000/\000U\000s\000e\000r\000s\000/\000t\000h\000i\000b\000a\000u\000l\000t\000/\000G\000i\000t\000H\000u\000b\000/\000C\000E\000R\000I\000\137\000s\000o\000f\000t\000w\000a\000r\000e\000\137\000e\000n\000g\000i\000n\000e\000e\000r\000i\000n\000g\000\137\000g\000a\000m\000e\000\137\0001\000/\000h\000e\000a\000d\000e\000r\000s\000/\000c\000a\000r\000t\000e\000.\000h\000\040\000F\000i\000l\000e\000\040\000R\000e\000f\000e\000r\000e\000n\000c\000e}{chapter.8}% 205
\BOOKMARK [1][-]{section.8.2}{\376\377\0008\000.\0002\000\040\000/\000U\000s\000e\000r\000s\000/\000t\000h\000i\000b\000a\000u\000l\000t\000/\000G\000i\000t\000H\000u\000b\000/\000C\000E\000R\000I\000\137\000s\000o\000f\000t\000w\000a\000r\000e\000\137\000e\000n\000g\000i\000n\000e\000e\000r\000i\000n\000g\000\137\000g\000a\000m\000e\000\137\0001\000/\000h\000e\000a\000d\000e\000r\000s\000/\000c\000o\000m\000p\000e\000t\000e\000n\000c\000e\000.\000h\000\040\000F\000i\000l\000e\000\040\000R\000e\000f\000e\000r\000e\000n\000c\000e}{chapter.8}% 206
\BOOKMARK [1][-]{section.8.3}{\376\377\0008\000.\0003\000\040\000/\000U\000s\000e\000r\000s\000/\000t\000h\000i\000b\000a\000u\000l\000t\000/\000G\000i\000t\000H\000u\000b\000/\000C\000E\000R\000I\000\137\000s\000o\000f\000t\000w\000a\000r\000e\000\137\000e\000n\000g\000i\000n\000e\000e\000r\000i\000n\000g\000\137\000g\000a\000m\000e\000\137\0001\000/\000h\000e\000a\000d\000e\000r\000s\000/\000c\000o\000n\000f\000i\000g\000.\000h\000\040\000F\000i\000l\000e\000\040\000R\000e\000f\000e\000r\000e\000n\000c\000e}{chapter.8}% 207
\BOOKMARK [2][-]{subsection.8.3.1}{\376\377\0008\000.\0003\000.\0001\000\040\000M\000a\000c\000r\000o\000\040\000D\000e\000f\000i\000n\000i\000t\000i\000o\000n\000\040\000D\000o\000c\000u\000m\000e\000n\000t\000a\000t\000i\000o\000n}{section.8.3}% 208
\BOOKMARK [3][-]{subsubsection.8.3.1.1}{\376\377\0008\000.\0003\000.\0001\000.\0001\000\040\000C\000O\000N\000F\000I\000G\000\137\000H}{subsection.8.3.1}% 209
\BOOKMARK [1][-]{section.8.4}{\376\377\0008\000.\0004\000\040\000/\000U\000s\000e\000r\000s\000/\000t\000h\000i\000b\000a\000u\000l\000t\000/\000G\000i\000t\000H\000u\000b\000/\000C\000E\000R\000I\000\137\000s\000o\000f\000t\000w\000a\000r\000e\000\137\000e\000n\000g\000i\000n\000e\000e\000r\000i\000n\000g\000\137\000g\000a\000m\000e\000\137\0001\000/\000h\000e\000a\000d\000e\000r\000s\000/\000e\000n\000t\000i\000t\000e\000.\000h\000\040\000F\000i\000l\000e\000\040\000R\000e\000f\000e\000r\000e\000n\000c\000e}{chapter.8}% 210
\BOOKMARK [1][-]{section.8.5}{\376\377\0008\000.\0005\000\040\000/\000U\000s\000e\000r\000s\000/\000t\000h\000i\000b\000a\000u\000l\000t\000/\000G\000i\000t\000H\000u\000b\000/\000C\000E\000R\000I\000\137\000s\000o\000f\000t\000w\000a\000r\000e\000\137\000e\000n\000g\000i\000n\000e\000e\000r\000i\000n\000g\000\137\000g\000a\000m\000e\000\137\0001\000/\000h\000e\000a\000d\000e\000r\000s\000/\000f\000o\000n\000c\000t\000i\000o\000n\000s\000j\000e\000u\000.\000h\000\040\000F\000i\000l\000e\000\040\000R\000e\000f\000e\000r\000e\000n\000c\000e}{chapter.8}% 211
\BOOKMARK [2][-]{subsection.8.5.1}{\376\377\0008\000.\0005\000.\0001\000\040\000F\000u\000n\000c\000t\000i\000o\000n\000\040\000D\000o\000c\000u\000m\000e\000n\000t\000a\000t\000i\000o\000n}{section.8.5}% 212
\BOOKMARK [3][-]{subsubsection.8.5.1.1}{\376\377\0008\000.\0005\000.\0001\000.\0001\000\040\000s\000o\000r\000t\000\137\000s\000p\000e\000e\000d\000\050\000\051}{subsection.8.5.1}% 213
\BOOKMARK [1][-]{section.8.6}{\376\377\0008\000.\0006\000\040\000/\000U\000s\000e\000r\000s\000/\000t\000h\000i\000b\000a\000u\000l\000t\000/\000G\000i\000t\000H\000u\000b\000/\000C\000E\000R\000I\000\137\000s\000o\000f\000t\000w\000a\000r\000e\000\137\000e\000n\000g\000i\000n\000e\000e\000r\000i\000n\000g\000\137\000g\000a\000m\000e\000\137\0001\000/\000h\000e\000a\000d\000e\000r\000s\000/\000i\000o\000.\000h\000\040\000F\000i\000l\000e\000\040\000R\000e\000f\000e\000r\000e\000n\000c\000e}{chapter.8}% 214
\BOOKMARK [2][-]{subsection.8.6.1}{\376\377\0008\000.\0006\000.\0001\000\040\000M\000a\000c\000r\000o\000\040\000D\000e\000f\000i\000n\000i\000t\000i\000o\000n\000\040\000D\000o\000c\000u\000m\000e\000n\000t\000a\000t\000i\000o\000n}{section.8.6}% 215
\BOOKMARK [3][-]{subsubsection.8.6.1.1}{\376\377\0008\000.\0006\000.\0001\000.\0001\000\040\000I\000O\000\137\000H}{subsection.8.6.1}% 216
\BOOKMARK [1][-]{section.8.7}{\376\377\0008\000.\0007\000\040\000/\000U\000s\000e\000r\000s\000/\000t\000h\000i\000b\000a\000u\000l\000t\000/\000G\000i\000t\000H\000u\000b\000/\000C\000E\000R\000I\000\137\000s\000o\000f\000t\000w\000a\000r\000e\000\137\000e\000n\000g\000i\000n\000e\000e\000r\000i\000n\000g\000\137\000g\000a\000m\000e\000\137\0001\000/\000h\000e\000a\000d\000e\000r\000s\000/\000m\000o\000n\000s\000t\000r\000e\000.\000h\000\040\000F\000i\000l\000e\000\040\000R\000e\000f\000e\000r\000e\000n\000c\000e}{chapter.8}% 217
\BOOKMARK [1][-]{section.8.8}{\376\377\0008\000.\0008\000\040\000/\000U\000s\000e\000r\000s\000/\000t\000h\000i\000b\000a\000u\000l\000t\000/\000G\000i\000t\000H\000u\000b\000/\000C\000E\000R\000I\000\137\000s\000o\000f\000t\000w\000a\000r\000e\000\137\000e\000n\000g\000i\000n\000e\000e\000r\000i\000n\000g\000\137\000g\000a\000m\000e\000\137\0001\000/\000h\000e\000a\000d\000e\000r\000s\000/\000p\000e\000r\000s\000o\000n\000n\000a\000g\000e\000.\000h\000\040\000F\000i\000l\000e\000\040\000R\000e\000f\000e\000r\000e\000n\000c\000e}{chapter.8}% 218
\BOOKMARK [0][-]{section*.33}{\376\377\000I\000n\000d\000e\000x}{}% 219
